<?xml version="1.0" encoding="UTF-8"?>
<!-- Generated by org.testng.reporters.JUnitReportReporter -->
<testsuite hostname="DESKTOP-7MR7K0D" failures="0" tests="1" name="responseValidation.DynamicResponseValidation" time="5.683" errors="0" timestamp="2022-02-10T16:40:47 IST" skipped="0">
  <testcase classname="responseValidation.DynamicResponseValidation" name="dinamicverify" time="5.683"/>
  <system-out/>
</testsuite> <!-- responseValidation.DynamicResponseValidation -->
