<?xml version="1.0" encoding="UTF-8"?>
<!-- Generated by org.testng.reporters.JUnitReportReporter -->
<testsuite hostname="DESKTOP-7MR7K0D" failures="0" tests="1" name="practiceCRUDwithBDD.GetProject" time="3.458" errors="0" timestamp="2022-02-10T14:06:38 IST" skipped="0">
  <testcase classname="practiceCRUDwithBDD.GetProject" name="getOneProject" time="3.458"/>
  <system-out/>
</testsuite> <!-- practiceCRUDwithBDD.GetProject -->
