<?xml version="1.0" encoding="UTF-8"?>
<!-- Generated by org.testng.reporters.JUnitReportReporter -->
<testsuite hostname="DESKTOP-7MR7K0D" failures="0" tests="1" name="practiceCRUDwithBDD.GetProjects" time="3.728" errors="0" timestamp="2022-02-10T14:00:43 IST" skipped="0">
  <testcase classname="practiceCRUDwithBDD.GetProjects" name="getAllResource" time="3.728"/>
  <system-out/>
</testsuite> <!-- practiceCRUDwithBDD.GetProjects -->
