<?xml version="1.0" encoding="UTF-8"?>
<!-- Generated by org.testng.reporters.JUnitReportReporter -->
<testsuite hostname="DESKTOP-7MR7K0D" failures="0" tests="1" name="practiceCRUDwithoutBDD.UpdateProject" time="4.132" errors="0" timestamp="2022-02-10T10:03:25 IST" skipped="0">
  <testcase classname="practiceCRUDwithoutBDD.UpdateProject" name="updateProject" time="4.132"/>
  <system-out/>
</testsuite> <!-- practiceCRUDwithoutBDD.UpdateProject -->
