<?xml version="1.0" encoding="UTF-8"?>
<!-- Generated by org.testng.reporters.JUnitReportReporter -->
<testsuite hostname="DESKTOP-7MR7K0D" failures="0" tests="1" name="practiceCRUDwithBDD.DeleteProject" time="3.510" errors="0" timestamp="2022-02-10T14:26:08 IST" skipped="0">
  <testcase classname="practiceCRUDwithBDD.DeleteProject" name="deleteProject" time="3.510"/>
  <system-out/>
</testsuite> <!-- practiceCRUDwithBDD.DeleteProject -->
