<?xml version="1.0" encoding="UTF-8"?>
<!-- Generated by org.testng.reporters.JUnitReportReporter -->
<testsuite hostname="DESKTOP-7MR7K0D" failures="0" tests="1" name="com.crm.perfomoperation.UpdateAndVeifyTestDataFromDatabase" time="4.268" errors="0" timestamp="2022-02-13T11:56:19 IST" skipped="0">
  <testcase classname="com.crm.perfomoperation.UpdateAndVeifyTestDataFromDatabase" name="updateResourceAndVerifyByDB" time="4.268"/>
  <system-out>
    <![CDATA[TY_PROJ_1802
Data Update Sucessful]]>
  </system-out>
</testsuite> <!-- com.crm.perfomoperation.UpdateAndVeifyTestDataFromDatabase -->
