<?xml version="1.0" encoding="UTF-8"?>
<!-- Generated by org.testng.reporters.JUnitReportReporter -->
<testsuite hostname="DESKTOP-7MR7K0D" failures="0" tests="1" name="com.authenrication.BasicAuthTest" time="4.397" errors="0" timestamp="2022-02-11T16:11:11 IST" skipped="0">
  <testcase classname="com.authenrication.BasicAuthTest" name="basicAuth" time="4.397"/>
  <system-out/>
</testsuite> <!-- com.authenrication.BasicAuthTest -->
