<?xml version="1.0" encoding="UTF-8"?>
<!-- Generated by org.testng.reporters.JUnitReportReporter -->
<testsuite hostname="DESKTOP-7MR7K0D" failures="0" tests="1" name="practiceCRUDwithBDD.UpdateProject" time="3.949" errors="0" timestamp="2022-02-10T14:19:46 IST" skipped="0">
  <testcase classname="practiceCRUDwithBDD.UpdateProject" name="updateProject" time="3.949"/>
  <system-out/>
</testsuite> <!-- practiceCRUDwithBDD.UpdateProject -->
