<?xml version="1.0" encoding="UTF-8"?>
<!-- Generated by org.testng.reporters.JUnitReportReporter -->
<testsuite hostname="DESKTOP-7MR7K0D" failures="0" tests="1" name="parameterAndAuthentication.PathparametersTest" time="4.098" errors="0" timestamp="2022-02-11T13:12:09 IST" skipped="0">
  <testcase classname="parameterAndAuthentication.PathparametersTest" name="pathParameters" time="4.098"/>
  <system-out/>
</testsuite> <!-- parameterAndAuthentication.PathparametersTest -->
