<?xml version="1.0" encoding="UTF-8"?>
<!-- Generated by org.testng.reporters.JUnitReportReporter -->
<testsuite hostname="DESKTOP-7MR7K0D" failures="0" tests="1" name="responseValidation.StaticResponceValidation" time="4.651" errors="0" timestamp="2022-02-10T16:27:35 IST" skipped="0">
  <testcase classname="responseValidation.StaticResponceValidation" name="staticValidation" time="4.651"/>
  <system-out/>
</testsuite> <!-- responseValidation.StaticResponceValidation -->
