<?xml version="1.0" encoding="UTF-8"?>
<!-- Generated by org.testng.reporters.JUnitReportReporter -->
<testsuite hostname="DESKTOP-7MR7K0D" failures="0" tests="2" name="com.authenrication.Authentication" time="4.902" errors="0" timestamp="2022-02-11T16:37:03 IST" skipped="0">
  <testcase classname="com.authenrication.Authentication" name="preemptiveauth" time="0.306"/>
  <system-out/>
  <testcase classname="com.authenrication.Authentication" name="digestiveAuth" time="4.596"/>
  <system-out/>
</testsuite> <!-- com.authenrication.Authentication -->
