<?xml version="1.0" encoding="UTF-8"?>
<!-- Generated by org.testng.reporters.JUnitReportReporter -->
<testsuite hostname="DESKTOP-7MR7K0D" failures="0" tests="1" name="waysToPostRequest.CreatedbyJSONFile" time="2.942" errors="0" timestamp="2022-02-10T15:04:53 IST" skipped="0">
  <testcase classname="waysToPostRequest.CreatedbyJSONFile" name="createdByJsonFile" time="2.942"/>
  <system-out/>
</testsuite> <!-- waysToPostRequest.CreatedbyJSONFile -->
