<?xml version="1.0" encoding="UTF-8"?>
<!-- Generated by org.testng.reporters.JUnitReportReporter -->
<testsuite hostname="DESKTOP-7MR7K0D" failures="0" tests="1" name="parameterAndAuthentication.QueryParameters" time="4.929" errors="0" timestamp="2022-02-11T13:06:59 IST" skipped="0">
  <testcase classname="parameterAndAuthentication.QueryParameters" name="queryParm" time="4.929"/>
  <system-out/>
</testsuite> <!-- parameterAndAuthentication.QueryParameters -->
