<?xml version="1.0" encoding="UTF-8"?>
<!-- Generated by org.testng.reporters.JUnitReportReporter -->
<testsuite hostname="DESKTOP-7MR7K0D" failures="0" tests="1" name="com.authenrication.BearerTokenTest" time="5.169" errors="0" timestamp="2022-02-11T16:26:35 IST" skipped="0">
  <testcase classname="com.authenrication.BearerTokenTest" name="bearerAuth" time="5.169"/>
  <system-out/>
</testsuite> <!-- com.authenrication.BearerTokenTest -->
