<?xml version="1.0" encoding="UTF-8"?>
<!-- Generated by org.testng.reporters.JUnitReportReporter -->
<testsuite hostname="DESKTOP-7MR7K0D" failures="0" tests="1" name="responseValidation.VerifyresponceTimeUsingHamcrestTest" time="3.353" errors="0" timestamp="2022-02-10T16:46:47 IST" skipped="0">
  <testcase classname="responseValidation.VerifyresponceTimeUsingHamcrestTest" name="verifyTime" time="3.353"/>
  <system-out/>
</testsuite> <!-- responseValidation.VerifyresponceTimeUsingHamcrestTest -->
