<?xml version="1.0" encoding="UTF-8"?>
<!-- Generated by org.testng.reporters.JUnitReportReporter -->
<testsuite hostname="DESKTOP-7MR7K0D" failures="0" tests="1" name="waysToPostRequest.CreateByHashMap" time="4.075" errors="0" timestamp="2022-02-10T14:48:07 IST" skipped="0">
  <testcase classname="waysToPostRequest.CreateByHashMap" name="creatByHashMap" time="4.075"/>
  <system-out/>
</testsuite> <!-- waysToPostRequest.CreateByHashMap -->
