<?xml version="1.0" encoding="UTF-8"?>
<!-- Generated by org.testng.reporters.JUnitReportReporter -->
<testsuite hostname="DESKTOP-7MR7K0D" failures="0" tests="1" name="com.requestchaining.RequestChainingTestForGET" time="5.328" errors="0" timestamp="2022-02-11T14:15:01 IST" skipped="0">
  <testcase classname="com.requestchaining.RequestChainingTestForGET" name="requestChainingGet" time="5.328"/>
  <system-out/>
</testsuite> <!-- com.requestchaining.RequestChainingTestForGET -->
