<?xml version="1.0" encoding="UTF-8"?>
<!-- Generated by org.testng.reporters.JUnitReportReporter -->
<testsuite hostname="DESKTOP-7MR7K0D" failures="0" tests="1" name="practiceCRUDwithBDD.CreateProject" time="4.236" errors="0" timestamp="2022-02-10T12:39:11 IST" skipped="0">
  <testcase classname="practiceCRUDwithBDD.CreateProject" name="createProjects" time="4.236"/>
  <system-out/>
</testsuite> <!-- practiceCRUDwithBDD.CreateProject -->
