<?xml version="1.0" encoding="UTF-8"?>
<!-- Generated by org.testng.reporters.JUnitReportReporter -->
<testsuite hostname="DESKTOP-7MR7K0D" failures="0" tests="1" name="waysToPostRequest.CreatedByPOJOClass" time="3.932" errors="0" timestamp="2022-02-10T16:12:36 IST" skipped="0">
  <testcase classname="waysToPostRequest.CreatedByPOJOClass" name="create" time="3.932"/>
  <system-out/>
</testsuite> <!-- waysToPostRequest.CreatedByPOJOClass -->
