<?xml version="1.0" encoding="UTF-8"?>
<!-- Generated by org.testng.reporters.JUnitReportReporter -->
<testsuite hostname="DESKTOP-7MR7K0D" failures="0" tests="1" name="com.authenrication.Auth2" time="6.625" errors="0" timestamp="2022-02-11T17:18:54 IST" skipped="0">
  <testcase classname="com.authenrication.Auth2" name="auth2" time="6.625"/>
  <system-out/>
</testsuite> <!-- com.authenrication.Auth2 -->
