<?xml version="1.0" encoding="UTF-8"?>
<!-- Generated by org.testng.reporters.JUnitReportReporter -->
<testsuite hostname="DESKTOP-7MR7K0D" failures="0" tests="1" name="com.crm.perfomoperation.CreateTestDataAndVerifyDataBase" time="4.009" errors="0" timestamp="2022-02-13T11:58:05 IST" skipped="0">
  <testcase classname="com.crm.perfomoperation.CreateTestDataAndVerifyDataBase" name="creteResourceAndVerifyDB" time="4.009"/>
  <system-out>
    <![CDATA[TY_PROJ_1804
Data Creation Sucessful]]>
  </system-out>
</testsuite> <!-- com.crm.perfomoperation.CreateTestDataAndVerifyDataBase -->
