<?xml version="1.0" encoding="UTF-8"?>
<!-- Generated by org.testng.reporters.JUnitReportReporter -->
<testsuite hostname="DESKTOP-7MR7K0D" failures="0" tests="2" name="responseValidation.CreateByDataProvider" time="4.366" errors="0" timestamp="2022-02-10T17:35:58 IST" skipped="0">
  <testcase classname="responseValidation.CreateByDataProvider" name="create" time="4.294"/>
  <system-out/>
  <testcase classname="responseValidation.CreateByDataProvider" name="create" time="0.072"/>
  <system-out/>
</testsuite> <!-- responseValidation.CreateByDataProvider -->
