<?xml version="1.0" encoding="UTF-8"?>
<!-- Generated by org.testng.reporters.JUnitReportReporter -->
<testsuite hostname="DESKTOP-7MR7K0D" failures="0" tests="1" name="practiceCRUDwithoutBDD.GetSingleProject" time="3.792" errors="0" timestamp="2022-02-10T07:50:10 IST" skipped="0">
  <testcase classname="practiceCRUDwithoutBDD.GetSingleProject" name="getSingleProject" time="3.792"/>
  <system-out/>
</testsuite> <!-- practiceCRUDwithoutBDD.GetSingleProject -->
