<?xml version="1.0" encoding="UTF-8"?>
<!-- Generated by org.testng.reporters.JUnitReportReporter -->
<testsuite hostname="DESKTOP-7MR7K0D" failures="0" tests="1" name="practiceCRUDwithoutBDD.GetAllProjects" time="6.113" errors="0" timestamp="2022-02-10T07:39:26 IST" skipped="0">
  <testcase classname="practiceCRUDwithoutBDD.GetAllProjects" name="getAllProjects" time="6.113"/>
  <system-out/>
</testsuite> <!-- practiceCRUDwithoutBDD.GetAllProjects -->
